#
# There is insufficient memory for the Java Runtime Environment to continue.
# Native memory allocation (malloc) failed to allocate 32744 bytes for ChunkPool::allocate
# Possible reasons:
#   The system is out of physical RAM or swap space
#   In 32 bit mode, the process size limit was hit
# Possible solutions:
#   Reduce memory load on the system
#   Increase physical memory or swap space
#   Check if swap backing store is full
#   Use 64 bit Java on a 64 bit OS
#   Decrease Java heap size (-Xmx/-Xms)
#   Decrease number of Java threads
#   Decrease Java thread stack sizes (-Xss)
#   Set larger code cache with -XX:ReservedCodeCacheSize=
# This output file may be truncated or incomplete.
#
#  Out of Memory Error (allocation.cpp:211), pid=13240, tid=12828
#
# JRE version: Java(TM) SE Runtime Environment (7.0_80-b15) (build 1.7.0_80-b15)
# Java VM: Java HotSpot(TM) 64-Bit Server VM (24.80-b11 mixed mode windows-amd64 compressed oops)
# Failed to write core dump. Minidumps are not enabled by default on client versions of Windows
#

---------------  T H R E A D  ---------------

Current thread (0x000000000d300000):  JavaThread "C2 CompilerThread0" daemon [_thread_in_native, id=12828, stack(0x000000000e860000,0x000000000e960000)]

Stack: [0x000000000e860000,0x000000000e960000]

Current CompileTask:
C2:  23436 1293             org.eclipse.jdt.internal.compiler.parser.Parser::consumeToken (1880 bytes)


---------------  P R O C E S S  ---------------

Java Threads: ( => current thread )
  0x0000000011394000 JavaThread "DubboResponseTimeoutScanTimer" daemon [_thread_blocked, id=15616, stack(0x00000000182c0000,0x00000000183c0000)]
  0x0000000011392800 JavaThread "http-bio-8082-exec-1" daemon [_thread_in_vm, id=10132, stack(0x00000000181c0000,0x00000000182c0000)]
  0x0000000011393000 JavaThread "http-bio-8082-AsyncTimeout" daemon [_thread_blocked, id=22416, stack(0x00000000180c0000,0x00000000181c0000)]
  0x000000001138e800 JavaThread "http-bio-8082-Acceptor-0" daemon [_thread_in_native, id=21884, stack(0x0000000017fc0000,0x00000000180c0000)]
  0x000000001327e000 JavaThread "ContainerBackgroundProcessor[StandardEngine[Tomcat]]" daemon [_thread_blocked, id=20224, stack(0x0000000017ec0000,0x0000000017fc0000)]
  0x000000001327d000 JavaThread "dubbo-remoting-client-heartbeat-thread-2" daemon [_thread_blocked, id=13884, stack(0x0000000017dc0000,0x0000000017ec0000)]
  0x000000001327e800 JavaThread "DubboClientHandler-192.168.25.1:20880-thread-1" daemon [_thread_blocked, id=15780, stack(0x0000000017cc0000,0x0000000017dc0000)]
  0x000000001327b800 JavaThread "DubboClientReconnectTimer-thread-2" daemon [_thread_blocked, id=20388, stack(0x0000000017bc0000,0x0000000017cc0000)]
  0x000000001327b000 JavaThread "dubbo-remoting-client-heartbeat-thread-1" daemon [_thread_blocked, id=7352, stack(0x0000000017ac0000,0x0000000017bc0000)]
  0x0000000013281000 JavaThread "DubboClientHandler-192.168.25.1:20881-thread-1" daemon [_thread_blocked, id=6060, stack(0x00000000179c0000,0x0000000017ac0000)]
  0x0000000013282000 JavaThread "Hashed wheel timer #1" [_thread_blocked, id=22436, stack(0x00000000178c0000,0x00000000179c0000)]
  0x0000000013280000 JavaThread "DubboClientReconnectTimer-thread-1" daemon [_thread_blocked, id=22400, stack(0x00000000177c0000,0x00000000178c0000)]
  0x000000001327c800 JavaThread "New I/O boss #6" daemon [_thread_in_native, id=10180, stack(0x00000000176c0000,0x00000000177c0000)]
  0x000000001327f800 JavaThread "New I/O worker #5" daemon [_thread_in_native, id=12512, stack(0x00000000174c0000,0x00000000175c0000)]
  0x0000000013ce3000 JavaThread "New I/O worker #4" daemon [_thread_in_native, id=19740, stack(0x00000000173c0000,0x00000000174c0000)]
  0x00000000128ca000 JavaThread "New I/O worker #3" daemon [_thread_in_native, id=22172, stack(0x00000000172c0000,0x00000000173c0000)]
  0x0000000012285800 JavaThread "New I/O worker #2" daemon [_thread_in_native, id=1696, stack(0x00000000171c0000,0x00000000172c0000)]
  0x00000000127b0000 JavaThread "New I/O worker #1" daemon [_thread_in_native, id=7524, stack(0x00000000170c0000,0x00000000171c0000)]
  0x000000000fab3000 JavaThread "DubboSaveRegistryCache-thread-1" daemon [_thread_blocked, id=12232, stack(0x0000000016fc0000,0x00000000170c0000)]
  0x00000000137b6800 JavaThread "localhost-startStop-1-EventThread" daemon [_thread_blocked, id=15412, stack(0x0000000016dc0000,0x0000000016ec0000)]
  0x000000000fb23800 JavaThread "localhost-startStop-1-SendThread(192.168.25.128:2181)" daemon [_thread_in_native, id=12760, stack(0x0000000016cc0000,0x0000000016dc0000)]
  0x000000001138d000 JavaThread "ZkClient-EventThread-16-192.168.25.128:2181" daemon [_thread_blocked, id=16328, stack(0x0000000016bc0000,0x0000000016cc0000)]
  0x0000000010ae9000 JavaThread "DubboRegistryFailedRetryTimer-thread-1" daemon [_thread_blocked, id=11928, stack(0x0000000016ac0000,0x0000000016bc0000)]
  0x00000000121d7000 JavaThread "Thread-2" daemon [_thread_in_native, id=1860, stack(0x00000000169c0000,0x0000000016ac0000)]
  0x000000000f650800 JavaThread "localhost-startStop-1" daemon [_thread_blocked, id=3560, stack(0x00000000119b0000,0x0000000011ab0000)]
  0x00000000101ab000 JavaThread "Tomcat-startStop-1" daemon [_thread_blocked, id=800, stack(0x00000000118b0000,0x00000000119b0000)]
  0x000000000d314800 JavaThread "Service Thread" daemon [_thread_blocked, id=19308, stack(0x000000000ea60000,0x000000000eb60000)]
  0x000000000d302000 JavaThread "C2 CompilerThread1" daemon [_thread_in_native, id=9340, stack(0x000000000e960000,0x000000000ea60000)]
=>0x000000000d300000 JavaThread "C2 CompilerThread0" daemon [_thread_in_native, id=12828, stack(0x000000000e860000,0x000000000e960000)]
  0x000000000d2ff000 JavaThread "Attach Listener" daemon [_thread_blocked, id=3236, stack(0x000000000e760000,0x000000000e860000)]
  0x000000000d2fb800 JavaThread "Signal Dispatcher" daemon [_thread_blocked, id=18140, stack(0x000000000e660000,0x000000000e760000)]
  0x000000000d2af000 JavaThread "Finalizer" daemon [_thread_blocked, id=16408, stack(0x000000000e560000,0x000000000e660000)]
  0x000000000d2a5000 JavaThread "Reference Handler" daemon [_thread_blocked, id=20392, stack(0x000000000e460000,0x000000000e560000)]
  0x0000000002a40800 JavaThread "main" [_thread_blocked, id=14716, stack(0x0000000002940000,0x0000000002a40000)]

Other Threads:
  0x000000000d2a1000 VMThread [stack: 0x000000000e360000,0x000000000e460000] [id=17956]
  0x000000000d32e000 WatcherThread [stack: 0x000000000eb60000,0x000000000ec60000] [id=16792]

VM state:not at safepoint (normal execution)

VM Mutex/Monitor currently owned by a thread: None

Heap
 PSYoungGen      total 427008K, used 143207K [0x00000007c1080000, 0x00000007ee700000, 0x0000000800000000)
  eden space 362496K, 21% used [0x00000007c1080000,0x00000007c5d5e770,0x00000007d7280000)
  from space 64512K, 99% used [0x00000007d7280000,0x00000007db17b7d8,0x00000007db180000)
  to   space 81920K, 0% used [0x00000007e9700000,0x00000007e9700000,0x00000007ee700000)
 ParOldGen       total 128512K, used 92954K [0x0000000743200000, 0x000000074af80000, 0x00000007c1080000)
  object space 128512K, 72% used [0x0000000743200000,0x0000000748cc6800,0x000000074af80000)
 PSPermGen       total 51200K, used 50877K [0x000000073e000000, 0x0000000741200000, 0x0000000743200000)
  object space 51200K, 99% used [0x000000073e000000,0x00000007411af7e0,0x0000000741200000)

Card table byte_map: [0x0000000005c00000,0x0000000006220000] byte_map_base: 0x0000000002210000

Polling page: 0x0000000000c70000

Code Cache  [0x0000000002b40000, 0x0000000002ef0000, 0x0000000005b40000)
 total_blobs=1499 nmethods=1056 adapters=394 free_code_cache=45524Kb largest_free_block=46524544

Compilation events (10 events):
Event: 23.360 Thread 0x000000000d302000 nmethod 1295 0x0000000002da2750 code [0x0000000002da28a0, 0x0000000002da2d58]
Event: 23.360 Thread 0x000000000d302000 1296             org.eclipse.jdt.core.compiler.CharOperation::splitOn (159 bytes)
Event: 23.368 Thread 0x000000000d302000 nmethod 1296 0x0000000002da1bd0 code [0x0000000002da1d40, 0x0000000002da23f8]
Event: 23.368 Thread 0x000000000d302000 1297             org.eclipse.jdt.core.compiler.CharOperation::equals (52 bytes)
Event: 23.369 Thread 0x000000000d302000 nmethod 1297 0x0000000002da1850 code [0x0000000002da1980, 0x0000000002da1af8]
Event: 23.369 Thread 0x000000000d302000 1298             org.eclipse.jdt.core.compiler.CharOperation::hashCode (92 bytes)
Event: 23.372 Thread 0x000000000d302000 nmethod 1298 0x0000000002ec0950 code [0x0000000002ec0aa0, 0x0000000002ec0d38]
Event: 23.372 Thread 0x000000000d302000 1299             org.eclipse.jdt.internal.compiler.classfmt.ClassFileStruct::u2At (35 bytes)
Event: 23.373 Thread 0x000000000d302000 nmethod 1299 0x0000000002da14d0 code [0x0000000002da1600, 0x0000000002da16d8]
Event: 23.373 Thread 0x000000000d302000 1300             org.eclipse.jdt.internal.compiler.lookup.BinaryTypeBinding::createMethod (1098 bytes)

GC Heap History (10 events):
Event: 4.918 GC heap before
{Heap before GC invocations=5 (full 0):
 PSYoungGen      total 105984K, used 105965K [0x00000007c1080000, 0x00000007c7f80000, 0x0000000800000000)
  eden space 98304K, 100% used [0x00000007c1080000,0x00000007c7080000,0x00000007c7080000)
  from space 7680K, 99% used [0x00000007c7800000,0x00000007c7f7b740,0x00000007c7f80000)
  to   space 7680K, 0% used [0x00000007c7080000,0x00000007c7080000,0x00000007c7800000)
 ParOldGen       total 128512K, used 12790K [0x0000000743200000, 0x000000074af80000, 0x00000007c1080000)
  object space 128512K, 9% used [0x0000000743200000,0x0000000743e7d8e8,0x000000074af80000)
 PSPermGen       total 26624K, used 26549K [0x000000073e000000, 0x000000073fa00000, 0x0000000743200000)
  object space 26624K, 99% used [0x000000073e000000,0x000000073f9ed788,0x000000073fa00000)
Event: 4.937 GC heap after
Heap after GC invocations=5 (full 0):
 PSYoungGen      total 105984K, used 7648K [0x00000007c1080000, 0x00000007cfc80000, 0x0000000800000000)
  eden space 98304K, 0% used [0x00000007c1080000,0x00000007c1080000,0x00000007c7080000)
  from space 7680K, 99% used [0x00000007c7080000,0x00000007c77f8010,0x00000007c7800000)
  to   space 22528K, 0% used [0x00000007ce680000,0x00000007ce680000,0x00000007cfc80000)
 ParOldGen       total 128512K, used 26735K [0x0000000743200000, 0x000000074af80000, 0x00000007c1080000)
  object space 128512K, 20% used [0x0000000743200000,0x0000000744c1be30,0x000000074af80000)
 PSPermGen       total 26624K, used 26549K [0x000000073e000000, 0x000000073fa00000, 0x0000000743200000)
  object space 26624K, 99% used [0x000000073e000000,0x000000073f9ed788,0x000000073fa00000)
}
Event: 5.469 GC heap before
{Heap before GC invocations=6 (full 0):
 PSYoungGen      total 105984K, used 105952K [0x00000007c1080000, 0x00000007cfc80000, 0x0000000800000000)
  eden space 98304K, 100% used [0x00000007c1080000,0x00000007c7080000,0x00000007c7080000)
  from space 7680K, 99% used [0x00000007c7080000,0x00000007c77f8010,0x00000007c7800000)
  to   space 22528K, 0% used [0x00000007ce680000,0x00000007ce680000,0x00000007cfc80000)
 ParOldGen       total 128512K, used 26735K [0x0000000743200000, 0x000000074af80000, 0x00000007c1080000)
  object space 128512K, 20% used [0x0000000743200000,0x0000000744c1be30,0x000000074af80000)
 PSPermGen       total 26624K, used 26584K [0x000000073e000000, 0x000000073fa00000, 0x0000000743200000)
  object space 26624K, 99% used [0x000000073e000000,0x000000073f9f6128,0x000000073fa00000)
Event: 5.492 GC heap after
Heap after GC invocations=6 (full 0):
 PSYoungGen      total 212480K, used 22518K [0x00000007c1080000, 0x00000007d0980000, 0x0000000800000000)
  eden space 189952K, 0% used [0x00000007c1080000,0x00000007c1080000,0x00000007cca00000)
  from space 22528K, 99% used [0x00000007ce680000,0x00000007cfc7daa8,0x00000007cfc80000)
  to   space 29184K, 0% used [0x00000007cca00000,0x00000007cca00000,0x00000007ce680000)
 ParOldGen       total 128512K, used 31485K [0x0000000743200000, 0x000000074af80000, 0x00000007c1080000)
  object space 128512K, 24% used [0x0000000743200000,0x00000007450bf7a8,0x000000074af80000)
 PSPermGen       total 26624K, used 26584K [0x000000073e000000, 0x000000073fa00000, 0x0000000743200000)
  object space 26624K, 99% used [0x000000073e000000,0x000000073f9f6128,0x000000073fa00000)
}
Event: 6.238 GC heap before
{Heap before GC invocations=7 (full 0):
 PSYoungGen      total 212480K, used 212470K [0x00000007c1080000, 0x00000007d0980000, 0x0000000800000000)
  eden space 189952K, 100% used [0x00000007c1080000,0x00000007cca00000,0x00000007cca00000)
  from space 22528K, 99% used [0x00000007ce680000,0x00000007cfc7daa8,0x00000007cfc80000)
  to   space 29184K, 0% used [0x00000007cca00000,0x00000007cca00000,0x00000007ce680000)
 ParOldGen       total 128512K, used 31485K [0x0000000743200000, 0x000000074af80000, 0x00000007c1080000)
  object space 128512K, 24% used [0x0000000743200000,0x00000007450bf7a8,0x000000074af80000)
 PSPermGen       total 26624K, used 26623K [0x000000073e000000, 0x000000073fa00000, 0x0000000743200000)
  object space 26624K, 99% used [0x000000073e000000,0x000000073f9ffc10,0x000000073fa00000)
Event: 6.280 GC heap after
Heap after GC invocations=7 (full 0):
 PSYoungGen      total 219136K, used 29176K [0x00000007c1080000, 0x00000007ddf80000, 0x0000000800000000)
  eden space 189952K, 0% used [0x00000007c1080000,0x00000007c1080000,0x00000007cca00000)
  from space 29184K, 99% used [0x00000007cca00000,0x00000007ce67e368,0x00000007ce680000)
  to   space 47104K, 0% used [0x00000007db180000,0x00000007db180000,0x00000007ddf80000)
 ParOldGen       total 128512K, used 57742K [0x0000000743200000, 0x000000074af80000, 0x00000007c1080000)
  object space 128512K, 44% used [0x0000000743200000,0x0000000746a63bd0,0x000000074af80000)
 PSPermGen       total 26624K, used 26623K [0x000000073e000000, 0x000000073fa00000, 0x0000000743200000)
  object space 26624K, 99% used [0x000000073e000000,0x000000073f9ffc10,0x000000073fa00000)
}
Event: 6.919 GC heap before
{Heap before GC invocations=8 (full 0):
 PSYoungGen      total 219136K, used 219128K [0x00000007c1080000, 0x00000007ddf80000, 0x0000000800000000)
  eden space 189952K, 100% used [0x00000007c1080000,0x00000007cca00000,0x00000007cca00000)
  from space 29184K, 99% used [0x00000007cca00000,0x00000007ce67e368,0x00000007ce680000)
  to   space 47104K, 0% used [0x00000007db180000,0x00000007db180000,0x00000007ddf80000)
 ParOldGen       total 128512K, used 57742K [0x0000000743200000, 0x000000074af80000, 0x00000007c1080000)
  object space 128512K, 44% used [0x0000000743200000,0x0000000746a63bd0,0x000000074af80000)
 PSPermGen       total 27136K, used 26638K [0x000000073e000000, 0x000000073fa80000, 0x0000000743200000)
  object space 27136K, 98% used [0x000000073e000000,0x000000073fa03b08,0x000000073fa80000)
Event: 6.967 GC heap after
Heap after GC invocations=8 (full 0):
 PSYoungGen      total 409600K, used 47088K [0x00000007c1080000, 0x00000007e0180000, 0x0000000800000000)
  eden space 362496K, 0% used [0x00000007c1080000,0x00000007c1080000,0x00000007d7280000)
  from space 47104K, 99% used [0x00000007db180000,0x00000007ddf7c168,0x00000007ddf80000)
  to   space 64512K, 0% used [0x00000007d7280000,0x00000007d7280000,0x00000007db180000)
 ParOldGen       total 128512K, used 78547K [0x0000000743200000, 0x000000074af80000, 0x00000007c1080000)
  object space 128512K, 61% used [0x0000000743200000,0x0000000747eb4e58,0x000000074af80000)
 PSPermGen       total 27136K, used 26638K [0x000000073e000000, 0x000000073fa80000, 0x0000000743200000)
  object space 27136K, 98% used [0x000000073e000000,0x000000073fa03b08,0x000000073fa80000)
}
Event: 22.377 GC heap before
{Heap before GC invocations=9 (full 0):
 PSYoungGen      total 409600K, used 409584K [0x00000007c1080000, 0x00000007e0180000, 0x0000000800000000)
  eden space 362496K, 100% used [0x00000007c1080000,0x00000007d7280000,0x00000007d7280000)
  from space 47104K, 99% used [0x00000007db180000,0x00000007ddf7c168,0x00000007ddf80000)
  to   space 64512K, 0% used [0x00000007d7280000,0x00000007d7280000,0x00000007db180000)
 ParOldGen       total 128512K, used 78547K [0x0000000743200000, 0x000000074af80000, 0x00000007c1080000)
  object space 128512K, 61% used [0x0000000743200000,0x0000000747eb4e58,0x000000074af80000)
 PSPermGen       total 46080K, used 45984K [0x000000073e000000, 0x0000000740d00000, 0x0000000743200000)
  object space 46080K, 99% used [0x000000073e000000,0x0000000740ce8360,0x0000000740d00000)
Event: 22.447 GC heap after
Heap after GC invocations=9 (full 0):
 PSYoungGen      total 427008K, used 64493K [0x00000007c1080000, 0x00000007ee700000, 0x0000000800000000)
  eden space 362496K, 0% used [0x00000007c1080000,0x00000007c1080000,0x00000007d7280000)
  from space 64512K, 99% used [0x00000007d7280000,0x00000007db17b7d8,0x00000007db180000)
  to   space 81920K, 0% used [0x00000007e9700000,0x00000007e9700000,0x00000007ee700000)
 ParOldGen       total 128512K, used 92954K [0x0000000743200000, 0x000000074af80000, 0x00000007c1080000)
  object space 128512K, 72% used [0x0000000743200000,0x0000000748cc6800,0x000000074af80000)
 PSPermGen       total 46080K, used 45984K [0x000000073e000000, 0x0000000740d00000, 0x0000000743200000)
  object space 46080K, 99% used [0x000000073e000000,0x0000000740ce8360,0x0000000740d00000)
}

Deoptimization events (10 events):
Event: 22.831 Thread 0x0000000011392800 Uncommon trap: reason=class_check action=maybe_recompile pc=0x0000000002ca9744 method=com.sun.org.apache.xerces.internal.parsers.AbstractSAXParser.characters(Lcom/sun/org/apache/xerces/internal/xni/XMLString;Lcom/sun/org/apache/xerces/internal/xni/AugmentapÁgèº‘6@
Event: 22.831 Thread 0x0000000011392800 Uncommon trap: reason=class_check action=maybe_recompile pc=0x0000000002ca9744 method=com.sun.org.apache.xerces.internal.parsers.AbstractSAXParser.characters(Lcom/sun/org/apache/xerces/internal/xni/XMLString;Lcom/sun/org/apache/xerces/internal/xni/Augmentaå<ZÊæ‘6@
Event: 22.831 Thread 0x0000000011392800 Uncommon trap: reason=class_check action=maybe_recompile pc=0x0000000002d307e0 method=com.sun.org.apache.xerces.internal.impl.XMLDocumentFragmentScannerImpl.scanDocument(Z)Z @ 163
Event: 22.832 Thread 0x0000000011392800 Uncommon trap: reason=class_check action=maybe_recompile pc=0x0000000002de37b8 method=com.sun.org.apache.xerces.internal.impl.XMLDocumentFragmentScannerImpl.scanDocument(Z)Z @ 163
Event: 22.837 Thread 0x0000000011392800 Uncommon trap: reason=class_check action=maybe_recompile pc=0x0000000002d307e0 method=com.sun.org.apache.xerces.internal.impl.XMLDocumentFragmentScannerImpl.scanDocument(Z)Z @ 163
Event: 22.851 Thread 0x0000000011392800 Uncommon trap: reason=unstable_if action=reinterpret pc=0x0000000002c3fd3c method=java.lang.CharacterDataLatin1.isWhitespace(I)Z @ 14
Event: 22.851 Thread 0x0000000011392800 Uncommon trap: reason=unstable_if action=reinterpret pc=0x0000000002bd7620 method=java.lang.CharacterDataLatin1.isWhitespace(I)Z @ 14
Event: 22.851 Thread 0x0000000011392800 Uncommon trap: reason=unstable_if action=reinterpret pc=0x0000000002be2bbc method=java.lang.CharacterDataLatin1.isWhitespace(I)Z @ 14
Event: 23.068 Thread 0x0000000011392800 Uncommon trap: reason=uninitialized action=reinterpret pc=0x0000000002ec061c method=org.eclipse.jdt.internal.compiler.parser.Parser.readTable(Ljava/lang/String;)[C @ 0
Event: 23.089 Thread 0x0000000011392800 Uncommon trap: reason=predicate action=maybe_recompile pc=0x0000000002d95924 method=java.util.Properties.load0(Ljava/util/Properties$LineReader;)V @ 15

Internal exceptions (10 events):
Event: 23.283 Thread 0x0000000011392800 Threw 0x00000007c56355f0 at C:\re\jdk7u80\2329\hotspot\src\share\vm\prims\jvm.cpp:1319
Event: 23.284 Thread 0x0000000011392800 Threw 0x00000007c563bf90 at C:\re\jdk7u80\2329\hotspot\src\share\vm\prims\jvm.cpp:1319
Event: 23.290 Thread 0x0000000011392800 Threw 0x00000007c56fc9a8 at C:\re\jdk7u80\2329\hotspot\src\share\vm\prims\jvm.cpp:1319
Event: 23.290 Thread 0x0000000011392800 Threw 0x00000007c57092f0 at C:\re\jdk7u80\2329\hotspot\src\share\vm\prims\jvm.cpp:1319
Event: 23.291 Thread 0x0000000011392800 Threw 0x00000007c570eae8 at C:\re\jdk7u80\2329\hotspot\src\share\vm\prims\jvm.cpp:1319
Event: 23.314 Thread 0x0000000011392800 Threw 0x00000007c57fa6c0 at C:\re\jdk7u80\2329\hotspot\src\share\vm\prims\jvm.cpp:1319
Event: 23.326 Thread 0x0000000011392800 Threw 0x00000007c58a9c10 at C:\re\jdk7u80\2329\hotspot\src\share\vm\prims\jvm.cpp:1319
Event: 23.331 Thread 0x0000000011392800 Threw 0x00000007c58d0158 at C:\re\jdk7u80\2329\hotspot\src\share\vm\prims\jvm.cpp:1319
Event: 23.332 Thread 0x0000000011392800 Threw 0x00000007c58d9170 at C:\re\jdk7u80\2329\hotspot\src\share\vm\prims\jvm.cpp:1319
Event: 23.351 Thread 0x0000000011392800 Threw 0x00000007c59ad648 at C:\re\jdk7u80\2329\hotspot\src\share\vm\prims\jvm.cpp:1319

Events (10 events):
Event: 23.331 loading class 0x00000000101ec970
Event: 23.331 loading class 0x00000000101ec970 done
Event: 23.332 loading class 0x0000000014911360
Event: 23.332 loading class 0x0000000014911360 done
Event: 23.332 loading class 0x0000000014911360
Event: 23.332 loading class 0x0000000014911360 done
Event: 23.351 loading class 0x0000000014b50ea0
Event: 23.351 loading class 0x0000000014b50ea0 done
Event: 23.351 loading class 0x0000000014b50ea0
Event: 23.351 loading class 0x0000000014b50ea0 done


Dynamic libraries:
0x00007ff6e01f0000 - 0x00007ff6e0223000 	F:\jdk\jdk7\bin\javaw.exe
0x00007ff8d6b80000 - 0x00007ff8d6d70000 	C:\WINDOWS\SYSTEM32\ntdll.dll
0x00007ff8d53d0000 - 0x00007ff8d5482000 	C:\WINDOWS\System32\KERNEL32.DLL
0x00007ff8d3f00000 - 0x00007ff8d41a3000 	C:\WINDOWS\System32\KERNELBASE.dll
0x00007ff8d6170000 - 0x00007ff8d6213000 	C:\WINDOWS\System32\ADVAPI32.dll
0x00007ff8d5250000 - 0x00007ff8d52ee000 	C:\WINDOWS\System32\msvcrt.dll
0x00007ff8d5e50000 - 0x00007ff8d5ee7000 	C:\WINDOWS\System32\sechost.dll
0x00007ff8d6050000 - 0x00007ff8d6170000 	C:\WINDOWS\System32\RPCRT4.dll
0x00007ff8d54c0000 - 0x00007ff8d5653000 	C:\WINDOWS\System32\USER32.dll
0x00007ff8d3de0000 - 0x00007ff8d3e01000 	C:\WINDOWS\System32\win32u.dll
0x00007ff8d5490000 - 0x00007ff8d54b6000 	C:\WINDOWS\System32\GDI32.dll
0x00007ff8d3c40000 - 0x00007ff8d3dd4000 	C:\WINDOWS\System32\gdi32full.dll
0x00007ff8d3e10000 - 0x00007ff8d3eae000 	C:\WINDOWS\System32\msvcp_win.dll
0x00007ff8d4210000 - 0x00007ff8d430a000 	C:\WINDOWS\System32\ucrtbase.dll
0x00007ff8bf980000 - 0x00007ff8bfc05000 	C:\WINDOWS\WinSxS\amd64_microsoft.windows.common-controls_6595b64144ccf1df_6.0.18362.356_none_e6c4af7d130f27cc\COMCTL32.dll
0x00007ff8d6520000 - 0x00007ff8d6856000 	C:\WINDOWS\System32\combase.dll
0x00007ff8d3b10000 - 0x00007ff8d3b90000 	C:\WINDOWS\System32\bcryptPrimitives.dll
0x00007ff8d5d50000 - 0x00007ff8d5d7e000 	C:\WINDOWS\System32\IMM32.DLL
0x0000000059020000 - 0x00000000590f2000 	F:\jdk\jdk7\jre\bin\msvcr100.dll
0x00000000581b0000 - 0x0000000058989000 	F:\jdk\jdk7\jre\bin\server\jvm.dll
0x00007ff8d5240000 - 0x00007ff8d5248000 	C:\WINDOWS\System32\PSAPI.DLL
0x00007ff8cfa20000 - 0x00007ff8cfa29000 	C:\WINDOWS\SYSTEM32\WSOCK32.dll
0x00007ff8caab0000 - 0x00007ff8caad4000 	C:\WINDOWS\SYSTEM32\WINMM.dll
0x00007ff8d5d80000 - 0x00007ff8d5def000 	C:\WINDOWS\System32\WS2_32.dll
0x00007ff8caa80000 - 0x00007ff8caaad000 	C:\WINDOWS\SYSTEM32\WINMMBASE.dll
0x00007ff8d4be0000 - 0x00007ff8d4c2a000 	C:\WINDOWS\System32\cfgmgr32.dll
0x000000005ad60000 - 0x000000005ad6f000 	F:\jdk\jdk7\jre\bin\verify.dll
0x000000005ad30000 - 0x000000005ad58000 	F:\jdk\jdk7\jre\bin\java.dll
0x000000005ab70000 - 0x000000005ab86000 	F:\jdk\jdk7\jre\bin\zip.dll
0x000000005ab50000 - 0x000000005ab6a000 	F:\jdk\jdk7\jre\bin\net.dll
0x00007ff8d3260000 - 0x00007ff8d32c7000 	C:\WINDOWS\system32\mswsock.dll
0x000000005aa70000 - 0x000000005aa81000 	F:\jdk\jdk7\jre\bin\nio.dll
0x00007ff8d3ee0000 - 0x00007ff8d3ef7000 	C:\WINDOWS\System32\CRYPTSP.dll
0x00007ff8d2dd0000 - 0x00007ff8d2e03000 	C:\WINDOWS\system32\rsaenh.dll
0x00007ff8d3eb0000 - 0x00007ff8d3ed6000 	C:\WINDOWS\System32\bcrypt.dll
0x00007ff8d3940000 - 0x00007ff8d3965000 	C:\WINDOWS\SYSTEM32\USERENV.dll
0x00007ff8d3af0000 - 0x00007ff8d3b0f000 	C:\WINDOWS\System32\profapi.dll
0x00007ff8d3430000 - 0x00007ff8d343c000 	C:\WINDOWS\SYSTEM32\CRYPTBASE.dll
0x00007ff8d2f70000 - 0x00007ff8d2faa000 	C:\WINDOWS\SYSTEM32\IPHLPAPI.DLL
0x00007ff8d6510000 - 0x00007ff8d6518000 	C:\WINDOWS\System32\NSI.dll
0x00007ff8ce0c0000 - 0x00007ff8ce0d6000 	C:\WINDOWS\SYSTEM32\dhcpcsvc6.DLL
0x00007ff8ce100000 - 0x00007ff8ce11c000 	C:\WINDOWS\SYSTEM32\dhcpcsvc.DLL
0x00007ff8d2fb0000 - 0x00007ff8d307a000 	C:\WINDOWS\SYSTEM32\DNSAPI.dll
0x0000000059010000 - 0x000000005901b000 	F:\jdk\jdk7\jre\bin\management.dll
0x00007ff8bf940000 - 0x00007ff8bf956000 	C:\WINDOWS\system32\napinsp.dll
0x00007ff8bf920000 - 0x00007ff8bf93a000 	C:\WINDOWS\system32\pnrpnsp.dll
0x00007ff8bf910000 - 0x00007ff8bf91e000 	C:\WINDOWS\System32\winrnr.dll
0x00007ff8ceae0000 - 0x00007ff8ceafc000 	C:\WINDOWS\system32\NLAapi.dll
0x00007ff8bf8f0000 - 0x00007ff8bf905000 	C:\WINDOWS\system32\wshbth.dll
0x00007ff8ce410000 - 0x00007ff8ce41a000 	C:\Windows\System32\rasadhlp.dll
0x00007ff8cd980000 - 0x00007ff8cd9f7000 	C:\WINDOWS\System32\fwpuclnt.dll

VM Arguments:
jvm_args: -Dmaven.home=F:\maven\apache-maven-3.3.9-jdk1.7 -Dclassworlds.conf=F:\EclipseWorkspace\.metadata\.plugins\org.eclipse.m2e.launching\launches\m2conf7927897547762071119.tmp -Dmaven.multiModuleProjectDirectory=F:\EclipseWorkspace\pekka-protal-web -Dfile.encoding=UTF-8 
java_command: org.codehaus.plexus.classworlds.launcher.Launcher -B -s F:\maven\apache-maven-3.3.9-jdk1.7\conf\settings.xml clean tomcat7:run
Launcher Type: SUN_STANDARD

Environment Variables:
JAVA_HOME=F:\jdk\jdk7
PATH=F:/jdk/jdk7/bin/../jre/bin/server;F:/jdk/jdk7/bin/../jre/bin;F:/jdk/jdk7/bin/../jre/lib/amd64;F:\SDK\SDK\android-sdk-windows\platform-tools;F:\SDK\SDK\android-sdk-windows\tools;C:\ProgramData\Oracle\Java\javapath;C:\Program Files (x86)\Intel\iCLS Client\;C:\Program Files\Intel\iCLS Client\;C:\Windows\system32;C:\Windows;C:\Windows\System32\Wbem;C:\Windows\System32\WindowsPowerShell\v1.0\;C:\windows\system32;C:\Program Files\Microsoft SQL Server\130\Tools\Binn\;C:\Program Files\dotnet\;C:\WINDOWS\system32;C:\WINDOWS;C:\WINDOWS\System32\Wbem;C:\WINDOWS\System32\WindowsPowerShell\v1.0\;C:\WINDOWS\System32\OpenSSH\;C:\Program Files\MySQL\MySQL Server 5.5\bin;F:\maven\apache-maven-3.3.9-jdk1.7\bin;F:\mysql-5.7.19-winx64\bin;F:\jdk\jdk7\bin\;F:\node.js\;C:\Users\Lenovo\AppData\Local\Microsoft\WindowsApps;;F:\vscode\Microsoft VS Code\bin;C:\Users\Lenovo\AppData\Roaming\npm;F:\eclipse\eclipseSVN;
USERNAME=Lenovo-Í≈ ˜¡Ÿ∑Á
OS=Windows_NT
PROCESSOR_IDENTIFIER=Intel64 Family 6 Model 94 Stepping 3, GenuineIntel



---------------  S Y S T E M  ---------------

OS: Windows 8.1 , 64 bit Build 9600 

CPU:total 4 (4 cores per cpu, 1 threads per core) family 6 model 94 stepping 3, cmov, cx8, fxsr, mmx, sse, sse2, sse3, ssse3, sse4.1, sse4.2, popcnt, avx, avx2, aes, erms, tsc, tscinvbit

Memory: 4k page, physical 12372972k(2032700k free), swap 25480152k(4076k free)

vm_info: Java HotSpot(TM) 64-Bit Server VM (24.80-b11) for windows-amd64 JRE (1.7.0_80-b15), built on Apr 10 2015 11:26:34 by "java_re" with unknown MS VC++:1600

time: Mon Nov 04 22:59:24 2019
elapsed time: 23 seconds

